This is e-pTeX, Version 3.14159265-p3.8.2-190131-2.6 (utf8.euc) (TeX Live 2019) (preloaded format=platex 2019.5.8)  15 JAN 2021 08:27
entering extended mode
 restricted \write18 enabled.
 %&-line parsing enabled.
**main.tex
(./main.tex
pLaTeX2e <2019-04-06> (based on LaTeX2e <2018-12-01>)
(./scitrans.cls
Document Class: scitrans 
(/usr/local/texlive/2019/texmf-dist/tex/latex/base/latexsym.sty
Package: latexsym 1998/08/17 v2.2e Standard LaTeX package (lasy symbols)
\symlasy=\mathgroup4
LaTeX Font Info:    Overwriting symbol font `lasy' in version `bold'
(Font)                  U/lasy/m/n --> U/lasy/b/n on input line 52.
)
(/usr/local/texlive/2019/texmf-dist/tex/latex/base/ulasy.fd
File: ulasy.fd 1998/08/17 v2.2e LaTeX symbol font definitions
) (./scims.sty
LaTeX Font Info:    Redeclaring math symbol \Gamma on input line 3.
LaTeX Font Info:    Redeclaring math symbol \Delta on input line 4.
LaTeX Font Info:    Redeclaring math symbol \Theta on input line 5.
LaTeX Font Info:    Redeclaring math symbol \Lambda on input line 6.
LaTeX Font Info:    Redeclaring math symbol \Xi on input line 7.
LaTeX Font Info:    Redeclaring math symbol \Pi on input line 8.
LaTeX Font Info:    Redeclaring math symbol \Sigma on input line 9.
LaTeX Font Info:    Redeclaring math symbol \Upsilon on input line 10.
LaTeX Font Info:    Redeclaring math symbol \Phi on input line 11.
LaTeX Font Info:    Redeclaring math symbol \Psi on input line 12.
LaTeX Font Info:    Redeclaring math symbol \Omega on input line 13.
)
\zw=\dimen118
\zh=\dimen119
\H=\dimen120

(/usr/local/texlive/2019/texmf-dist/tex/platex/base/jarticle.cls
Document Class: jarticle 2019/04/02 v1.8b Standard pLaTeX class
\c@@paper=\count83
(/usr/local/texlive/2019/texmf-dist/tex/platex/base/jsize10.clo
File: jsize10.clo 2019/04/02 v1.8b Standard pLaTeX file (size option)
)
\c@part=\count84
\c@section=\count85
\c@subsection=\count86
\c@subsubsection=\count87
\c@paragraph=\count88
\c@subparagraph=\count89
\c@figure=\count90
\c@table=\count91
\abovecaptionskip=\skip41
\belowcaptionskip=\skip42
\symmincho=\mathgroup5
LaTeX Font Info:    Overwriting symbol font `mincho' in version `bold'
(Font)                  JY1/mc/m/n --> JY1/gt/m/n on input line 614.
\toclineskip=\dimen121
\@lnumwidth=\dimen122
\bibindent=\dimen123
\heisei=\count92
) (./scij.sty)
(./sci209.sty
\Q=\dimen124
\eikotopsep=\dimen125
\ronbuntitleheight=\dimen126
LaTeX Font Info:    Try loading font information for JT1+scimc on input line 56
.
LaTeX Font Info:    No file JT1scimc.fd. on input line 56.


LaTeX Font Warning: Font shape `JT1/scimc/m/n' undefined
(Font)              using `JT1/mc/m/n' instead on input line 56.

LaTeX Font Info:    Try loading font information for JY1+scimc on input line 56
.
LaTeX Font Info:    No file JY1scimc.fd. on input line 56.

LaTeX Font Warning: Font shape `JY1/scimc/m/n' undefined
(Font)              using `JY1/mc/m/n' instead on input line 56.

\c@series=\count93
\fnindent=\dimen127
\c@volumepage=\count94
\c@diffvolumepage=\count95
\addressindent=\dimen128
\c@numberofaddress=\count96
\tmpaddressbox=\box43
\eikoparagraphtitlelength=\dimen129
\@fncnt=\count97
\c@savedpageout=\count98
\@stpage=\toks15
\@stpageout=\toks16
\c@remark=\count99
\c@assumption=\count100
\c@theorem=\count101
\c@lemma=\count102
\c@proposition=\count103
\c@corollary=\count104
\c@definition=\count105
\c@example=\count106
\enumleftmargin=\dimen130
\c@@@@first=\count107
\c@@@@state=\count108
\c@@@@next=\count109
\c@@@@cur=\count110
\c@@@@curt=\count111
\hagi@eqnarraysep=\dimen131
\mathindent=\dimen132
\@stequation=\toks17
\c@footequation=\count112
\eikofootnotelinewidth=\dimen133
\c@subfigure=\count113
\c@lofdepth=\count114
\c@subtable=\count115
\c@lotdepth=\count116
\c@IHdiffpage=\count117
\c@IHlastpage=\count118
\@minsofar=\count119
\@min=\count120
\@Float@temp=\count121
\@Env@temp=\count122
\@Eq@temp=\count123
\eiko@rubywidth=\dimen134
\c@eikobiographycount=\count124
\lfsep=\dimen135
\@parwd=\dimen136
\@nlp=\count125
\@nlpi=\count126
\@nltop=\count127
\arrayrulethickwidth=\dimen137
\hdashlinewidth=\dimen138
\hdashlinegap=\dimen139
\hdl@totalheight=\count128
\hdl@totalheightsave=\count129
\hdl@columns=\count130
\hdl@currentcolumn=\count131
\hdl@currentcolumnsave=\count132
\hdl@box=\box44
\hdl@height=\dimen140
\hdl@heightsave=\dimen141
\hdl@depth=\dimen142
\hdl@depthsave=\dimen143
\@slashboxa=\box45
\@slashboxb=\box46
\@slashboxc=\box47
\@slashboxwd=\count133
\@slashboxht=\count134
\@slashsepl=\dimen144
\@slashsepr=\dimen145
\dimen@@=\dimen146
\dimen@@@=\dimen147
\@eikolastfootheight=\dimen148
\@eikolastfootnote=\box48
\@eikolastrightfootnote=\box49
\c@tmpeikocounter=\count135
\@interlinegap=\skip43
\@leftcolumnfootnote=\box50
\@rightcolumnfootnote=\box51
)) (/usr/local/texlive/2019/texmf-dist/tex/latex/graphics/graphicx.sty
Package: graphicx 2017/06/01 v1.1a Enhanced LaTeX Graphics (DPC,SPQR)

(/usr/local/texlive/2019/texmf-dist/tex/latex/graphics/keyval.sty
Package: keyval 2014/10/28 v1.15 key=value parser (DPC)
\KV@toks@=\toks18
)
(/usr/local/texlive/2019/texmf-dist/tex/latex/graphics/graphics.sty
Package: graphics 2017/06/25 v1.2c Standard LaTeX Graphics (DPC,SPQR)

(/usr/local/texlive/2019/texmf-dist/tex/latex/graphics/trig.sty
Package: trig 2016/01/03 v1.10 sin cos tan (DPC)
)
(/usr/local/texlive/2019/texmf-dist/tex/latex/graphics-cfg/graphics.cfg
File: graphics.cfg 2016/06/04 v1.11 sample graphics configuration
)
Package graphics Info: Driver file: dvipdfmx.def on input line 99.

(/usr/local/texlive/2019/texmf-dist/tex/latex/graphics-def/dvipdfmx.def
File: dvipdfmx.def 2017/06/24 v5.0g Graphics/color driver for dvipdfmx
))
\Gin@req@height=\dimen149
\Gin@req@width=\dimen150
)
(/usr/local/texlive/2019/texmf-dist/tex/latex/amsmath/amsmath.sty
Package: amsmath 2018/12/01 v2.17b AMS math features
\@mathmargin=\skip44

For additional information on amsmath, use the `?' option.
(/usr/local/texlive/2019/texmf-dist/tex/latex/amsmath/amstext.sty
Package: amstext 2000/06/29 v2.01 AMS text

(/usr/local/texlive/2019/texmf-dist/tex/latex/amsmath/amsgen.sty
File: amsgen.sty 1999/11/30 v2.0 generic functions
\@emptytoks=\toks19
\ex@=\dimen151
))
(/usr/local/texlive/2019/texmf-dist/tex/latex/amsmath/amsbsy.sty
Package: amsbsy 1999/11/29 v1.2d Bold Symbols
\pmbraise@=\dimen152
)
(/usr/local/texlive/2019/texmf-dist/tex/latex/amsmath/amsopn.sty
Package: amsopn 2016/03/08 v2.02 operator names
)
\inf@bad=\count136
LaTeX Info: Redefining \frac on input line 223.
\uproot@=\count137
\leftroot@=\count138
LaTeX Info: Redefining \overline on input line 385.
\classnum@=\count139
\DOTSCASE@=\count140
LaTeX Info: Redefining \ldots on input line 482.
LaTeX Info: Redefining \dots on input line 485.
LaTeX Info: Redefining \cdots on input line 606.
\Mathstrutbox@=\box52
\strutbox@=\box53
\big@size=\dimen153
LaTeX Font Info:    Redeclaring font encoding OML on input line 729.
LaTeX Font Info:    Redeclaring font encoding OMS on input line 730.
\macc@depth=\count141
\c@MaxMatrixCols=\count142
\dotsspace@=\muskip10
\c@parentequation=\count143
\dspbrk@lvl=\count144
\tag@help=\toks20
\row@=\count145
\column@=\count146
\maxfields@=\count147
\andhelp@=\toks21
\eqnshift@=\dimen154
\alignsep@=\dimen155
\tagshift@=\dimen156
\tagwidth@=\dimen157
\totwidth@=\dimen158
\lineht@=\dimen159
\@envbody=\toks22
\multlinegap=\skip45
\multlinetaggap=\skip46
\mathdisplay@stack=\toks23
LaTeX Info: Redefining \[ on input line 2844.
LaTeX Info: Redefining \] on input line 2845.
)
\titleheight=\skip47
\titlebaselineskip=\skip48
\categorywidth=\skip49
\categoryrulewidth=\skip50
 (./main.aux)
\openout1 = `main.aux'.

LaTeX Font Info:    Checking defaults for OML/cmm/m/it on input line 39.
LaTeX Font Info:    ... okay on input line 39.
LaTeX Font Info:    Checking defaults for T1/cmr/m/n on input line 39.
LaTeX Font Info:    ... okay on input line 39.
LaTeX Font Info:    Checking defaults for OT1/cmr/m/n on input line 39.
LaTeX Font Info:    ... okay on input line 39.
LaTeX Font Info:    Checking defaults for OMS/cmsy/m/n on input line 39.
LaTeX Font Info:    ... okay on input line 39.
LaTeX Font Info:    Checking defaults for OMX/cmex/m/n on input line 39.
LaTeX Font Info:    ... okay on input line 39.
LaTeX Font Info:    Checking defaults for U/cmr/m/n on input line 39.
LaTeX Font Info:    ... okay on input line 39.
LaTeX Font Info:    Checking defaults for JY1/mc/m/n on input line 39.
LaTeX Font Info:    ... okay on input line 39.
LaTeX Font Info:    Checking defaults for JT1/mc/m/n on input line 39.
LaTeX Font Info:    ... okay on input line 39.

LaTeX Font Warning: Font shape `JT1/scimc/bx/n' undefined
(Font)              using `JT1/scimc/m/n' instead on input line 49.


LaTeX Font Warning: Font shape `JY1/scimc/bx/n' undefined
(Font)              using `JY1/scimc/m/n' instead on input line 49.


Underfull \hbox (badness 10000) detected at line 49
\JY1/scimc/m/n/12 解説
 []

File: ../../figs/baseball-map.pdf Graphic file (type pdf)
<../../figs/baseball-map.pdf>
\@tmpcnta=\count148
[1



]
File: ../../figs/schematic-word2vec.pdf Graphic file (type pdf)
<../../figs/schematic-word2vec.pdf>
File: ../../figs/example-graph.pdf Graphic file (type pdf)
<../../figs/example-graph.pdf>
\@tmpcnta=\count149
 [2]
File: ../../figs/embedding-airport-annotation.png Graphic file (type bmp)
<../../figs/embedding-airport-annotation.png>
\@tmpcnta=\count150
 [3]
File: ../../figs/medical-journal-map.png Graphic file (type bmp)
<../../figs/medical-journal-map.png>


LaTeX Warning: `!h' float specifier changed to `!ht'.

LaTeX Font Info:    Try loading font information for JT1+scigt on input line 40
7.
LaTeX Font Info:    No file JT1scigt.fd. on input line 407.

LaTeX Font Warning: Font shape `JT1/scigt/m/n' undefined
(Font)              using `JT1/mc/m/n' instead on input line 407.

LaTeX Font Info:    Try loading font information for JY1+scigt on input line 40
7.
LaTeX Font Info:    No file JY1scigt.fd. on input line 407.

LaTeX Font Warning: Font shape `JY1/scigt/m/n' undefined
(Font)              using `JY1/mc/m/n' instead on input line 407.


LaTeX Font Warning: Font shape `JT1/scigt/m/it' undefined
(Font)              using `JT1/scigt/m/n' instead on input line 407.


LaTeX Font Warning: Font shape `JY1/scigt/m/it' undefined
(Font)              using `JY1/scigt/m/n' instead on input line 407.


Underfull \hbox (badness 4752) in paragraph at lines 430--435
[]\OT1/cmr/m/n/9 J. Pen-ning-ton, R. Socher, and C. Man-ning.
 []


Underfull \hbox (badness 1331) in paragraph at lines 430--435
\OT1/cmr/m/it/9 guage Pro-cess-ing\OT1/cmr/m/n/9 , vol-ume 19, 1532--1543, Doha
,
 []

\@tmpcnta=\count151
[4]
Underfull \hbox (badness 2818) in paragraph at lines 447--450
[]\OT1/cmr/m/n/9 R. []Reh^^Wu^^Trek and P. So-jka.  gen-sim.  https:
 []


Underfull \hbox (badness 4328) in paragraph at lines 447--450
\OT1/cmr/m/n/9 //radimrehurek.com/gensim/index.html. [Ac-cessed
 []

\@tmpcnta=\count152
[5]
Underfull \hbox (badness 1735) in paragraph at lines 469--472
[]\OT1/cmr/m/n/9 J. An, H. Kwak, and Y.-Y. Ahn.  Se-mAxis:
 []


Underfull \hbox (badness 1859) in paragraph at lines 469--472
\OT1/cmr/m/n/9 specific word se-man-tics be-yond sen-ti-ment.  In
 []


Underfull \hbox (badness 3838) in paragraph at lines 484--486
[]\OT1/cmr/m/n/9 S. Ko-jaku.  https://github.com/skojaku/graph-
 []


Underfull \hbox (badness 10000) in paragraph at lines 488--490
\OT1/cmr/m/n/9 /2011/08/12/why-anchorage-is-not-that-important-
 []


Underfull \hbox (badness 7151) in paragraph at lines 488--490
\OT1/cmr/m/n/9 binary-ties-and-sample-selection/. [Ac-cessed 26th
 []


Underfull \hbox (badness 1062) in paragraph at lines 497--500
[]\OT1/cmr/m/n/9 G. M. We-ber.  Iden-ti-fy-ing trans-la-tional sci-ence
 []


Underfull \hbox (badness 10000) in paragraph at lines 502--505
[]\OT1/cmr/m/n/9 MEDLINE/PubMed Data.  https://
 []


Underfull \hbox (badness 10000) in paragraph at lines 502--505
\OT1/cmr/m/n/9 www.nlm.nih.gov/databases/download/
 []

\@tmpcnta=\count153
[6] (./main.aux)

LaTeX Font Warning: Some font shapes were not available, defaults substituted.

 ) 
Here is how much of TeX's memory you used:
 2173 strings out of 493223
 26641 string characters out of 6144416
 115760 words of memory out of 5000000
 6156 multiletter control sequences out of 15000+600000
 16640 words of font info for 67 fonts, out of 8000000 for 9000
 929 hyphenation exceptions out of 8191
 28i,11n,45p,861b,483s stack positions out of 5000i,500n,10000p,200000b,80000s

Output written on main.dvi (6 pages, 48656 bytes).
